========================================日期:	20130104
底仓股票数量:	0
订阅股票数量:	488
清除底仓股票数量:	0
建立底仓股票数量:	488/488
========================================日期:	20130107
底仓股票数量:	488
订阅股票数量:	487
清除底仓股票数量:	0
建立底仓股票数量:	1/1
=================时间:	093000
Buy orders
[['002022' '10.98' '9400' '1']
 ['600380' '4.66' '21900' '1']
 ['600200' '7.38' '13700' '1']
 ['000078' '6.36' '17000' '1']
 ['002252' '14.19' '7200' '1']
 ['000518' '4.07' '25600' '1']
 ['600645' '18.85' '5500' '1']
 ['000930' '5.13' '20500' '1']
 ['600161' '13.41' '8000' '1']]
Sell orders
[['002638' '10.01' '9300' '-1']
 ['002475' '27.07' '3500' '-1']]
=================时间:	093100
Sell orders
[['002410' '17.08' '5700' '-1']
 ['002168' '6.88' '13600' '-1']]
=================时间:	093200
Buy orders
[['600590' '6.03' '16800' '1']]
=================时间:	093400
Buy orders
[['600073' '6.6' '15500' '1']]
=================时间:	093500
Buy orders
[['000566' '10.34' '10000' '1']]
=================时间:	093600
Buy orders
[['000522' '18.86' '5300' '1']]
=================时间:	093800
Buy orders
[['000417' '7.83' '14000' '1']]
Sell orders
[['600223' '5.75' '17300' '-1']]
=================时间:	094000
Buy orders
[['600824' '4.46' '22300' '1']]
=================时间:	094100
Buy orders
[['600487' '21.28' '4700' '1']]
=================时间:	094200
Buy orders
[['600284' '9.06' '11200' '1']
 ['002006' '8.72' '11400' '1']
 ['002219' '14.56' '7000' '1']
 ['000719' '9.37' '10600' '1']]
=================时间:	094300
Buy orders
[['600522' '8.16' '12500' '1']
 ['600351' '5.44' '18500' '1']]
=================时间:	094400
Buy orders
[['600162' '5.1' '20200' '1']]
=================时间:	094500
Buy orders
[['600594' '20.25' '5000' '1']]
=================时间:	095000
Buy orders
[['600287' '5.9' '16900' '1']]
=================时间:	095300
Buy orders
[['002651' '14.27' '7100' '1']]
Sell orders
[['600816' '12.72' '7400' '-1']
 ['600141' '18.2' '5400' '-1']]
=================时间:	095600
Sell orders
[['000697' '12.85' '7300' '-1']]
=================时间:	095700
Sell orders
[['600138' '15.49' '6200' '-1']]
=================时间:	100200
Buy orders
[['600481' '7.5' '13900' '1']
 ['600435' '8.19' '11900' '1']]
=================时间:	100500
Sell orders
[['600866' '4.63' '21300' '-1']
 ['600503' '4.37' '21300' '-1']]
=================时间:	100800
Buy orders
[['600183' '4.31' '23600' '1']]
=================时间:	100900
Buy orders
[['600747' '4.72' '21700' '1']]
=================时间:	101200
Buy orders
[['600545' '6.42' '15900' '1']]
=================时间:	101300
Sell orders
[['002283' '6.05' '15600' '-1']]
=================时间:	101400
Buy orders
[['002396' '15.68' '6400' '1']]
=================时间:	101500
Buy orders
[['600537' '9.21' '12100' '1']]
=================时间:	101700
Buy orders
[['002233' '8.63' '11800' '1']]
=================时间:	102000
Buy orders
[['002277' '10.24' '10900' '1']
 ['600312' '7.5' '13500' '1']
 ['000786' '17.97' '5700' '1']]
=================时间:	102200
Buy orders
[['600086' '22.29' '4600' '1']]
=================时间:	102300
Buy orders
[['600858' '10.08' '10500' '1']]
=================时间:	102400
Buy orders
[['600387' '9.06' '11400' '1']]
=================时间:	102700
Buy orders
[['600589' '5.63' '18000' '1']]
=================时间:	102800
Buy orders
[['002430' '9.95' '10000' '1']
 ['002449' '6.59' '15000' '1']]
=================时间:	102900
Buy orders
[['601010' '14.52' '7000' '1']]
=================时间:	103400
Buy orders
[['002465' '30.3' '3400' '1']]
Sell orders
[['600429' '6.48' '15400' '-1']]
=================时间:	103500
Buy orders
[['600298' '16.92' '6000' '1']]
=================时间:	103700
Buy orders
[['600723' '7.72' '13300' '1']]
=================时间:	103900
Buy orders
[['600220' '2.85' '35000' '1']
 ['600765' '7.84' '13000' '1']
 ['603000' '37.6' '2600' '1']]
=================时间:	104200
Buy orders
[['600584' '4.24' '23300' '1']]
=================时间:	104400
Buy orders
[['600879' '6.67' '15200' '1']]
=================时间:	104600
Sell orders
[['600158' '5.77' '17100' '-1']]
=================时间:	104700
Buy orders
[['002294' '38.88' '2600' '1']]
=================时间:	104900
Buy orders
[['600570' '11.28' '8800' '1']
 ['000738' '8.85' '11500' '1']]
=================时间:	105000
Buy orders
[['600449' '9.45' '10800' '1']]
=================时间:	105100
Buy orders
[['600038' '19.35' '5300' '1']]
=================时间:	105200
Buy orders
[['600480' '6.7' '15100' '1']]
=================时间:	110800
Sell orders
[['002414' '15.92' '6100' '-1']]
=================时间:	111200
Buy orders
[['000861' '14.18' '6900' '1']]
=================时间:	111500
Sell orders
[['600790' '6.16' '16200' '-1']
 ['600961' '10.0' '9700' '-1']]
=================时间:	111600
Sell orders
[['002028' '13.96' '7000' '-1']]
=================时间:	111700
Sell orders
[['000415' '6.34' '15000' '-1']]
=================时间:	111800
Sell orders
[['002249' '6.9' '14200' '-1']]
=================时间:	112100
Buy orders
[['600523' '9.96' '10300' '1']]
=================时间:	130000
Buy orders
[['000809' '12.87' '7900' '1']]
=================时间:	130700
Buy orders
[['002238' '11.28' '9200' '1']]
=================时间:	130800
Buy orders
[['600509' '8.72' '12200' '1']]
=================时间:	131800
Buy orders
[['002048' '7.47' '13500' '1']]
=================时间:	132000
Sell orders
[['000616' '4.0' '24000' '-1']]
=================时间:	132300
Sell orders
[['600329' '10.6' '9300' '-1']]
=================时间:	132600
Buy orders
[['002601' '22.87' '4200' '1']]
=================时间:	132700
Buy orders
[['002225' '7.48' '13600' '1']]
=================时间:	133100
Sell orders
[['002179' '13.43' '7300' '-1']]
=================时间:	133200
Sell orders
[['600366' '15.23' '6100' '-1']
 ['600740' '8.57' '11400' '-1']]
=================时间:	133800
Buy orders
[['600300' '7.34' '14300' '1']]
=================时间:	134700
Buy orders
[['600510' '8.03' '12700' '1']]
=================时间:	134900
Buy orders
[['600112' '11.0' '9300' '1']]
=================时间:	140300
Sell orders
[['600517' '13.38' '7100' '-1']]
=================时间:	140700
Buy orders
[['002470' '14.57' '6800' '1']
 ['002181' '8.68' '11500' '1']]
=================时间:	141300
Sell orders
[['002430' '9.9' '10000' '-1']]
=================时间:	141400
Sell orders
[['600418' '6.83' '14500' '-1']]
=================时间:	142100
Buy orders
[['002050' '9.45' '10900' '1']
 ['002091' '8.45' '11600' '1']]
Sell orders
[['000917' '10.12' '9900' '-1']]
=================时间:	142200
Buy orders
[['002292' '19.48' '5200' '1']]
=================时间:	142800
Buy orders
[['601678' '10.31' '10000' '1']]
=================时间:	142900
Buy orders
[['002123' '8.96' '11300' '1']]
=================时间:	143000
Buy orders
[['002653' '29.79' '3500' '1']]
=================时间:	143700
Buy orders
[['002315' '31.7' '3300' '1']]
========================================日期:	20130108
底仓股票数量:	461
订阅股票数量:	487
清除底仓股票数量:	0
建立底仓股票数量:	28/28
=================时间:	093000
Buy orders
[['600078' '8.56' '11700' '1']
 ['000777' '18.71' '5400' '1']
 ['000006' '5.27' '19900' '1']
 ['000078' '7.0' '34000' '1']
 ['000829' '3.99' '25300' '1']
 ['000550' '18.18' '5500' '1']
 ['600511' '15.27' '6800' '1']
 ['000931' '5.67' '17600' '1']
 ['600260' '10.1' '10700' '1']
 ['600161' '14.39' '16000' '1']
 ['600333' '8.51' '11700' '1']]
Sell orders
[['600815' '6.69' '14200' '-1']]
=================时间:	093100
Buy orders
[['002063' '14.99' '6700' '1']
 ['600295' '8.96' '11100' '1']]
=================时间:	093300
Buy orders
[['600184' '20.24' '5100' '1']
 ['000726' '6.66' '15000' '1']]
=================时间:	093400
Buy orders
[['002022' '11.2' '18800' '1']
 ['600557' '20.7' '4800' '1']]
=================时间:	093500
Buy orders
[['601208' '6.59' '15500' '1']
 ['600422' '18.9' '5100' '1']]
=================时间:	093600
Buy orders
[['002065' '14.0' '7000' '1']
 ['600409' '3.87' '26300' '1']
 ['600056' '20.4' '4900' '1']
 ['600468' '10.86' '9300' '1']
 ['600844' '11.89' '8800' '1']]
=================时间:	093700
Buy orders
[['002064' '5.06' '20800' '1']
 ['002585' '9.77' '10100' '1']
 ['600993' '14.38' '7000' '1']]
=================时间:	093800
Buy orders
[['600750' '20.55' '5000' '1']
 ['000518' '4.32' '51200' '1']
 ['600736' '4.74' '21000' '1']]
=================时间:	093900
Buy orders
[['600328' '6.75' '14900' '1']
 ['002678' '12.06' '8500' '1']]
=================时间:	094000
Buy orders
[['002456' '44.67' '2300' '1']]
=================时间:	094100
Buy orders
[['002465' '31.65' '6800' '1']
 ['002254' '9.06' '11100' '1']]
Sell orders
[['000088' '4.03' '24600' '-1']]
=================时间:	094300
Sell orders
[['000959' '2.78' '35500' '-1']]
=================时间:	094500
Buy orders
[['600435' '8.61' '23800' '1']]
=================时间:	094600
Buy orders
[['002232' '6.42' '15800' '1']
 ['002230' '29.97' '3200' '1']
 ['002008' '8.49' '12000' '1']
 ['600884' '10.58' '9600' '1']]
=================时间:	094900
Buy orders
[['600475' '10.09' '9800' '1']
 ['600416' '5.27' '19300' '1']]
Sell orders
[['600657' '4.2' '23400' '-1']]
=================时间:	095000
Buy orders
[['002025' '11.69' '8800' '1']
 ['000655' '13.8' '7700' '1']]
=================时间:	095100
Buy orders
[['002091' '8.74' '23200' '1']
 ['600810' '5.42' '18100' '1']
 ['000919' '7.08' '14300' '1']
 ['600521' '11.73' '8600' '1']
 ['002005' '7.16' '13900' '1']
 ['002534' '13.78' '7200' '1']]
=================时间:	095200
Buy orders
[['600478' '23.46' '4400' '1']
 ['600481' '8.45' '27800' '1']
 ['600501' '8.27' '12400' '1']]
=================时间:	095300
Buy orders
[['600289' '5.84' '17100' '1']
 ['002326' '11.54' '8500' '1']]
=================时间:	095400
Buy orders
[['000755' '5.3' '19100' '1']
 ['000659' '2.78' '35900' '1']]
Sell orders
[['000979' '7.67' '12500' '-1']]
=================时间:	095600
Sell orders
[['600458' '13.42' '7500' '-1']]
=================时间:	095900
Sell orders
[['600851' '5.43' '18300' '-1']
 ['000852' '14.07' '6900' '-1']
 ['002386' '6.48' '15100' '-1']
 ['000830' '3.98' '24500' '-1']]
=================时间:	100000
Sell orders
[['600470' '8.98' '10800' '-1']
 ['601002' '10.48' '9500' '-1']
 ['002444' '10.66' '9800' '-1']]
=================时间:	100100
Sell orders
[['000090' '7.56' '13000' '-1']
 ['600717' '6.05' '16400' '-1']
 ['601339' '8.16' '11900' '-1']
 ['600292' '12.17' '7800' '-1']
 ['000936' '4.02' '24500' '-1']]
=================时间:	100200
Sell orders
[['600064' '11.67' '8200' '-1']
 ['000541' '6.56' '14900' '-1']]
=================时间:	100300
Sell orders
[['600075' '6.76' '14700' '-1']
 ['000301' '3.07' '32100' '-1']
 ['600231' '4.7' '20300' '-1']]
=================时间:	100400
Sell orders
[['002244' '10.72' '9000' '-1']
 ['601886' '22.2' '4500' '-1']]
=================时间:	100500
Sell orders
[['002285' '12.8' '7100' '-1']]
=================时间:	100700
Buy orders
[['600387' '9.46' '22800' '1']
 ['600197' '15.45' '6500' '1']
 ['600330' '5.36' '18700' '1']]
=================时间:	100900
Buy orders
[['600199' '19.59' '5200' '1']]
=================时间:	101100
Sell orders
[['600239' '8.47' '11200' '-1']]
=================时间:	101200
Sell orders
[['000962' '12.24' '7900' '-1']
 ['600268' '5.67' '16900' '-1']
 ['002309' '11.34' '8700' '-1']]
=================时间:	101300
Sell orders
[['600251' '16.13' '6000' '-1']]
=================时间:	101400
Buy orders
[['002646' '23.85' '4200' '1']]
Sell orders
[['002118' '7.36' '13500' '-1']
 ['600743' '3.85' '24600' '-1']
 ['002384' '8.89' '10700' '-1']]
=================时间:	101500
Buy orders
[['000650' '5.57' '17700' '1']]
=================时间:	101600
Buy orders
[['600616' '8.93' '11200' '1']
 ['600702' '29.19' '3400' '1']]
=================时间:	101800
Buy orders
[['600287' '5.97' '33800' '1']]
=================时间:	101900
Buy orders
[['600059' '11.28' '8700' '1']]
Sell orders
[['600246' '3.78' '25700' '-1']]
=================时间:	102000
Buy orders
[['600258' '11.43' '8700' '1']]
=================时间:	102600
Buy orders
[['000506' '8.07' '12700' '1']]
=================时间:	103100
Buy orders
[['601311' '8.97' '11300' '1']
 ['000823' '9.65' '10300' '1']]
=================时间:	103300
Buy orders
[['002392' '7.93' '13200' '1']]
=================时间:	103400
Buy orders
[['600487' '22.28' '9400' '1']
 ['600195' '13.0' '7800' '1']
 ['000713' '10.67' '9100' '1']]
=================时间:	103600
Buy orders
[['000975' '9.93' '9800' '1']]
=================时间:	103700
Buy orders
[['002345' '18.75' '5100' '1']]
=================时间:	103800
Buy orders
[['600151' '5.65' '18400' '1']
 ['600106' '4.0' '24600' '1']
 ['000631' '7.18' '13700' '1']]
=================时间:	104100
Buy orders
[['600210' '3.58' '28100' '1']
 ['002306' '9.98' '10000' '1']
 ['600008' '4.36' '22800' '1']]
=================时间:	104200
Buy orders
[['600388' '22.22' '4400' '1']
 ['600874' '4.73' '21100' '1']
 ['600635' '4.11' '23900' '1']]
=================时间:	104400
Buy orders
[['002573' '17.66' '5500' '1']]
=================时间:	104700
Buy orders
[['000598' '7.42' '13400' '1']]
Sell orders
[['600270' '6.94' '13900' '-1']]
=================时间:	104800
Buy orders
[['000826' '22.97' '4300' '1']
 ['600163' '3.68' '26100' '1']]
=================时间:	105100
Buy orders
[['600596' '7.42' '13200' '1']]
=================时间:	105400
Buy orders
[['600983' '7.4' '13000' '1']]
=================时间:	105500
Buy orders
[['600469' '8.83' '11300' '1']]
=================时间:	105600
Buy orders
[['600654' '4.18' '23800' '1']
 ['600825' '4.86' '20300' '1']
 ['600522' '8.46' '25000' '1']]
=================时间:	105800
Buy orders
[['603366' '15.75' '6300' '1']
 ['002340' '11.95' '8300' '1']]
=================时间:	105900
Buy orders
[['601677' '11.15' '8700' '1']
 ['600963' '3.97' '24300' '1']]
=================时间:	110000
Buy orders
[['000912' '5.08' '19600' '1']
 ['600337' '5.49' '17600' '1']]
=================时间:	110100
Buy orders
[['600308' '3.45' '28500' '1']]
=================时间:	110200
Buy orders
[['600525' '6.21' '15600' '1']
 ['002308' '10.0' '10000' '1']]
=================时间:	110300
Buy orders
[['002479' '12.85' '7900' '1']
 ['000603' '19.86' '5000' '1']
 ['000410' '6.11' '16200' '1']]
=================时间:	110400
Buy orders
[['002498' '9.12' '10900' '1']
 ['600269' '3.44' '28900' '1']]
=================时间:	110500
Buy orders
[['600581' '5.98' '16300' '1']]
=================时间:	110700
Buy orders
[['002293' '42.84' '2300' '1']]
=================时间:	111200
Buy orders
[['000935' '7.44' '13600' '1']]
=================时间:	111400
Buy orders
[['000762' '12.77' '7900' '1']]
=================时间:	111500
Buy orders
[['000951' '12.65' '7700' '1']]
=================时间:	111800
Buy orders
[['002250' '19.5' '5100' '1']]
=================时间:	111900
Buy orders
[['600589' '5.74' '36000' '1']
 ['600633' '13.12' '7300' '1']]
=================时间:	112000
Buy orders
[['002218' '6.13' '16700' '1']]
=================时间:	112100
Buy orders
[['600651' '4.73' '21000' '1']]
=================时间:	112300
Buy orders
[['600675' '5.3' '18600' '1']
 ['002648' '16.75' '5800' '1']
 ['600644' '9.25' '10900' '1']]
=================时间:	112400
Buy orders
[['600673' '7.72' '13000' '1']]
=================时间:	112500
Buy orders
[['000850' '4.94' '19500' '1']
 ['600597' '9.7' '10200' '1']]
=================时间:	112600
Buy orders
[['002276' '5.32' '19000' '1']
 ['000563' '12.81' '7500' '1']
 ['600563' '15.08' '6700' '1']
 ['000159' '6.36' '15300' '1']
 ['600410' '6.38' '15600' '1']
 ['600176' '9.94' '9800' '1']]
=================时间:	112700
Buy orders
[['600685' '12.45' '8100' '1']
 ['601608' '3.9' '25300' '1']
 ['000543' '7.46' '12800' '1']
 ['600397' '12.71' '7600' '1']]
=================时间:	112800
Buy orders
[['600004' '7.09' '14000' '1']]
=================时间:	112900
Buy orders
[['002489' '8.92' '11100' '1']
 ['002242' '7.03' '14200' '1']
 ['000988' '5.74' '17800' '1']]
=================时间:	130000
Buy orders
[['600079' '23.1' '4300' '1']
 ['002450' '23.6' '4100' '1']
 ['000848' '14.96' '7200' '1']
 ['000066' '3.38' '29800' '1']
 ['600198' '8.25' '12100' '1']
 ['600290' '5.24' '19400' '1']
 ['000682' '3.1' '32300' '1']
 ['000503' '9.16' '10400' '1']]
=================时间:	130200
Buy orders
[['002281' '19.68' '5100' '1']
 ['600054' '12.55' '7900' '1']
 ['600017' '2.87' '34400' '1']]
=================时间:	130400
Buy orders
[['600067' '6.63' '14900' '1']
 ['600467' '7.62' '13500' '1']]
=================时间:	130500
Buy orders
[['002252' '15.19' '14400' '1']]
=================时间:	130600
Buy orders
[['600499' '8.9' '11200' '1']]
=================时间:	130700
Buy orders
[['002332' '10.0' '10000' '1']
 ['600618' '8.23' '12200' '1']]
=================时间:	130900
Buy orders
[['002161' '6.52' '16000' '1']]
=================时间:	131000
Sell orders
[['000661' '59.4' '1600' '-1']]
=================时间:	131300
Buy orders
[['000997' '8.35' '12200' '1']
 ['600636' '13.3' '7400' '1']]
=================时间:	131400
Buy orders
[['603001' '20.35' '4800' '1']]
=================时间:	131500
Buy orders
[['600797' '4.35' '22900' '1']]
=================时间:	131600
Buy orders
[['002463' '4.52' '22400' '1']]
=================时间:	132300
Buy orders
[['002430' '10.33' '10000' '1']]
=================时间:	132400
Buy orders
[['600584' '4.31' '46600' '1']
 ['000903' '4.67' '22000' '1']
 ['600872' '4.66' '21600' '1']]
=================时间:	132500
Buy orders
[['000099' '7.83' '12800' '1']
 ['000887' '9.28' '10800' '1']
 ['000897' '2.91' '34300' '1']]
=================时间:	132600
Buy orders
[['001696' '5.85' '17100' '1']
 ['002470' '14.51' '13600' '1']]
=================时间:	132800
Buy orders
[['600995' '5.62' '17700' '1']]
=================时间:	133100
Buy orders
[['002424' '16.46' '6200' '1']
 ['600879' '7.01' '30400' '1']
 ['002152' '14.1' '7000' '1']]
=================时间:	133200
Buy orders
[['600787' '7.43' '12800' '1']
 ['002408' '17.31' '5800' '1']]
=================时间:	133300
Buy orders
[['600500' '5.77' '17100' '1']
 ['600594' '21.0' '10000' '1']]
=================时间:	133400
Buy orders
[['002461' '8.95' '11300' '1']
 ['002004' '16.17' '6100' '1']]
=================时间:	133500
Buy orders
[['000627' '2.83' '35300' '1']]
=================时间:	133600
Buy orders
[['600460' '3.83' '26400' '1']]
=================时间:	133700
Buy orders
[['000860' '13.52' '7300' '1']
 ['601011' '10.85' '8900' '1']]
=================时间:	133800
Buy orders
[['600227' '3.66' '27100' '1']]
=================时间:	133900
Buy orders
[['600551' '9.62' '10400' '1']
 ['600339' '4.83' '21200' '1']]
=================时间:	134000
Buy orders
[['002056' '14.53' '7000' '1']
 ['600830' '6.66' '14800' '1']]
=================时间:	134200
Buy orders
[['002429' '13.53' '7600' '1']
 ['600088' '9.61' '10500' '1']]
=================时间:	134700
Buy orders
[['600759' '5.41' '18800' '1']]
=================时间:	135000
Buy orders
[['600831' '6.69' '15100' '1']
 ['000511' '3.88' '26100' '1']]
=================时间:	135300
Sell orders
[['600438' '6.45' '14800' '-1']]
=================时间:	140600
Sell orders
[['600072' '13.5' '7100' '-1']]
=================时间:	140700
Sell orders
[['002237' '22.2' '4300' '-1']
 ['000631' '7.19' '13700' '-1']
 ['600269' '3.43' '28900' '-1']]
=================时间:	140800
Sell orders
[['000918' '3.96' '24200' '-1']
 ['600004' '7.1' '14000' '-1']]
=================时间:	141000
Sell orders
[['002203' '7.22' '13200' '-1']]
=================时间:	141300
Buy orders
[['002029' '18.7' '5200' '1']]
=================时间:	141700
Buy orders
[['000732' '8.31' '12300' '1']]
=================时间:	142500
Sell orders
[['600773' '11.31' '8600' '-1']]
=================时间:	142700
Sell orders
[['600888' '9.55' '10400' '-1']]
=================时间:	142900
Sell orders
[['000759' '6.47' '15100' '-1']
 ['000713' '10.68' '9100' '-1']]
=================时间:	144500
Buy orders
[['000525' '11.84' '8500' '1']]
========================================日期:	20130109
底仓股票数量:	444
订阅股票数量:	487
清除底仓股票数量:	0
建立底仓股票数量:	45/45
=================时间:	093000
Buy orders
[['600725' '4.4' '23800' '1']
 ['600578' '7.55' '13200' '1']
 ['000078' '7.48' '68000' '1']
 ['600509' '9.0' '24400' '1']]
=================时间:	093100
Buy orders
[['000829' '4.51' '50600' '1']
 ['002678' '12.43' '17000' '1']
 ['600428' '4.09' '24500' '1']]
Sell orders
[['600654' '4.16' '47600' '-1']]
=================时间:	093300
Buy orders
[['600511' '16.6' '13600' '1']]
=================时间:	093400
Buy orders
[['000627' '2.9' '70600' '1']
 ['000525' '12.36' '17000' '1']]
=================时间:	093800
Buy orders
[['601678' '10.6' '20000' '1']
 ['002204' '13.27' '7700' '1']
 ['000939' '6.88' '14700' '1']]
=================时间:	093900
Buy orders
[['002477' '19.26' '5200' '1']
 ['600121' '7.75' '12900' '1']]
=================时间:	094200
Buy orders
[['002216' '24.84' '4200' '1']]
=================时间:	094400
Buy orders
[['000620' '5.35' '18900' '1']
 ['600200' '7.68' '27400' '1']]
=================时间:	094500
Buy orders
[['600478' '24.1' '8800' '1']]
=================时间:	094900
Buy orders
[['600435' '9.76' '47600' '1']]
=================时间:	095000
Buy orders
[['600702' '31.03' '6800' '1']]
=================时间:	095500
Buy orders
[['000400' '25.79' '4000' '1']]
Sell orders
[['002479' '12.66' '15800' '-1']]
=================时间:	095900
Buy orders
[['002140' '21.47' '4600' '1']]
=================时间:	100000
Buy orders
[['600312' '8.19' '27000' '1']]
=================时间:	100200
Buy orders
[['600651' '4.87' '42000' '1']
 ['002008' '8.82' '24000' '1']]
=================时间:	100300
Buy orders
[['000816' '5.54' '18300' '1']]
=================时间:	100500
Sell orders
[['600161' '13.87' '32000' '-1']]
=================时间:	100900
Sell orders
[['000488' '4.07' '23800' '-1']]
=================时间:	101000
Buy orders
[['000616' '4.11' '21200' '1']]
=================时间:	101200
Buy orders
[['000418' '9.35' '10600' '1']]
=================时间:	101700
Buy orders
[['002041' '24.19' '4100' '1']]
Sell orders
[['600380' '4.56' '43800' '-1']]
=================时间:	101900
Buy orders
[['000809' '13.1' '15800' '1']]
=================时间:	102200
Buy orders
[['002470' '14.73' '27200' '1']]
=================时间:	102300
Buy orders
[['600078' '8.74' '23400' '1']
 ['600596' '7.6' '26400' '1']]
=================时间:	102500
Sell orders
[['002320' '9.6' '10300' '-1']]
=================时间:	102900
Buy orders
[['600673' '8.1' '26000' '1']]
=================时间:	103000
Buy orders
[['000998' '20.63' '4800' '1']]
=================时间:	103200
Buy orders
[['002006' '9.1' '22800' '1']]
=================时间:	103700
Buy orders
[['600112' '11.26' '18600' '1']]
=================时间:	103900
Buy orders
[['000912' '5.25' '39200' '1']]
=================时间:	104000
Sell orders
[['601519' '4.44' '22300' '-1']]
=================时间:	104100
Buy orders
[['000713' '11.05' '9100' '1']]
=================时间:	104200
Buy orders
[['002029' '19.5' '10400' '1']
 ['000860' '14.12' '14600' '1']]
=================时间:	104300
Buy orders
[['002218' '6.4' '33400' '1']]
=================时间:	104400
Sell orders
[['601126' '14.2' '7000' '-1']]
=================时间:	104600
Buy orders
[['600622' '7.36' '14200' '1']]
=================时间:	104800
Buy orders
[['601908' '6.55' '16200' '1']
 ['600138' '16.02' '5400' '1']]
=================时间:	105000
Sell orders
[['000652' '3.56' '27700' '-1']]
=================时间:	105100
Buy orders
[['600710' '4.35' '23500' '1']]
=================时间:	105200
Buy orders
[['600163' '3.83' '52200' '1']]
=================时间:	105300
Buy orders
[['002482' '19.84' '4700' '1']
 ['600103' '2.94' '34300' '1']]
=================时间:	105400
Buy orders
[['600797' '4.46' '45800' '1']]
=================时间:	105700
Sell orders
[['002121' '7.27' '13700' '-1']]
=================时间:	105900
Buy orders
[['002283' '6.5' '13900' '1']
 ['000893' '12.04' '8500' '1']]
=================时间:	110200
Buy orders
[['002065' '15.24' '14000' '1']]
=================时间:	110400
Buy orders
[['600122' '4.07' '24600' '1']]
=================时间:	110700
Buy orders
[['600195' '13.62' '15600' '1']]
=================时间:	111200
Buy orders
[['000735' '5.95' '17000' '1']]
=================时间:	111400
Buy orders
[['000900' '8.92' '11200' '1']]
=================时间:	112500
Buy orders
[['600227' '3.7' '54200' '1']]
Sell orders
[['000612' '10.86' '9000' '-1']]
=================时间:	112600
Buy orders
[['002226' '12.16' '8100' '1']]
=================时间:	112900
Buy orders
[['600261' '9.1' '11400' '1']]
=================时间:	130000
Buy orders
[['000601' '3.63' '27700' '1']
 ['000503' '9.43' '20800' '1']]
=================时间:	130100
Buy orders
[['600737' '5.46' '18900' '1']]
=================时间:	130500
Buy orders
[['002653' '31.16' '7000' '1']]
=================时间:	130700
Sell orders
[['600747' '4.67' '43400' '-1']]
=================时间:	130800
Buy orders
[['002410' '18.05' '4900' '1']]
=================时间:	130900
Buy orders
[['600633' '13.44' '14600' '1']]
=================时间:	131600
Buy orders
[['002430' '11.0' '20000' '1']
 ['600063' '2.78' '37400' '1']]
=================时间:	131800
Buy orders
[['603001' '21.6' '9600' '1']]
=================时间:	131900
Buy orders
[['002154' '10.16' '10000' '1']]
=================时间:	132200
Buy orders
[['600683' '4.83' '19900' '1']]
=================时间:	132300
Buy orders
[['002293' '45.0' '4600' '1']]
=================时间:	132400
Buy orders
[['600830' '6.83' '29600' '1']]
=================时间:	132600
Buy orders
[['600220' '2.92' '70000' '1']]
=================时间:	132700
Buy orders
[['000159' '6.5' '30600' '1']
 ['002489' '9.11' '22200' '1']
 ['600500' '5.85' '34200' '1']]
=================时间:	132800
Buy orders
[['000554' '5.03' '20000' '1']]
=================时间:	132900
Buy orders
[['600978' '4.96' '20200' '1']]
=================时间:	133100
Buy orders
[['002097' '6.94' '14300' '1']
 ['002194' '6.5' '16400' '1']]
=================时间:	133200
Buy orders
[['000903' '4.8' '44000' '1']]
=================时间:	133300
Buy orders
[['002238' '11.25' '18400' '1']
 ['002585' '10.06' '20200' '1']]
=================时间:	133400
Buy orders
[['600869' '7.86' '12500' '1']
 ['600337' '5.64' '35200' '1']]
=================时间:	133800
Buy orders
[['000572' '2.99' '33600' '1']]
=================时间:	134000
Buy orders
[['000927' '5.09' '19700' '1']]
=================时间:	134300
Buy orders
[['600761' '9.06' '11000' '1']]
=================时间:	134400
Buy orders
[['002662' '8.61' '11700' '1']]
=================时间:	134500
Buy orders
[['600333' '8.45' '23400' '1']]
Sell orders
[['600429' '6.23' '13300' '-1']]
=================时间:	134600
Buy orders
[['002168' '7.09' '12700' '1']]
=================时间:	134800
Buy orders
[['601608' '3.89' '50600' '1']]
=================时间:	134900
Buy orders
[['600426' '7.85' '12800' '1']]
=================时间:	135500
Buy orders
[['600844' '12.13' '17600' '1']]
=================时间:	140200
Sell orders
[['002663' '27.01' '3500' '-1']
 ['000987' '11.8' '8400' '-1']]
=================时间:	140300
Sell orders
[['600740' '8.49' '10000' '-1']]
=================时间:	140400
Sell orders
[['000563' '12.76' '15000' '-1']
 ['002396' '15.73' '12800' '-1']
 ['600480' '6.63' '30200' '-1']
 ['000762' '12.65' '15800' '-1']
 ['600644' '9.23' '21800' '-1']
 ['600300' '7.22' '28600' '-1']
 ['000680' '4.9' '20300' '-1']
 ['000659' '2.77' '71800' '-1']]
=================时间:	140500
Sell orders
[['600755' '4.38' '22300' '-1']]
=================时间:	140600
Sell orders
[['600409' '3.97' '52600' '-1']]
=================时间:	140700
Sell orders
[['600475' '10.12' '19600' '-1']
 ['002083' '4.17' '24600' '-1']]
=================时间:	140900
Sell orders
[['601999' '6.25' '15800' '-1']]
=================时间:	141300
Sell orders
[['600386' '6.96' '14300' '-1']]
=================时间:	141400
Sell orders
[['600468' '10.69' '18600' '-1']]
=================时间:	141500
Sell orders
[['600612' '21.35' '4500' '-1']]
=================时间:	141600
Sell orders
[['601677' '11.22' '17400' '-1']]
=================时间:	141700
Sell orders
[['000031' '4.31' '22600' '-1']
 ['600449' '8.99' '21600' '-1']
 ['000828' '4.52' '21500' '-1']
 ['600171' '4.77' '20700' '-1']]
=================时间:	141800
Sell orders
[['600479' '11.9' '8300' '-1']
 ['600469' '8.81' '22600' '-1']]
=================时间:	141900
Sell orders
[['600311' '8.05' '12100' '-1']
 ['002574' '15.2' '6400' '-1']
 ['002414' '15.81' '5300' '-1']
 ['002123' '8.96' '22600' '-1']]
=================时间:	142000
Sell orders
[['600790' '6.08' '13800' '-1']
 ['600611' '4.78' '20500' '-1']
 ['002498' '9.09' '21800' '-1']
 ['002340' '11.87' '16600' '-1']
 ['000719' '9.51' '21200' '-1']]
=================时间:	142100
Sell orders
[['601777' '6.41' '15500' '-1']
 ['601011' '10.77' '17800' '-1']]
=================时间:	142300
Sell orders
[['600551' '9.53' '20800' '-1']]
=================时间:	142400
Sell orders
[['002181' '8.51' '23000' '-1']
 ['002437' '18.53' '4900' '-1']]
=================时间:	142500
Sell orders
[['002230' '29.87' '6400' '-1']
 ['600864' '5.73' '17400' '-1']
 ['600662' '3.92' '25100' '-1']]
=================时间:	142600
Buy orders
[['000510' '6.1' '17200' '1']]
=================时间:	142800
Sell orders
[['601515' '14.12' '6800' '-1']]
=================时间:	143100
Buy orders
[['002449' '6.92' '30000' '1']]
=================时间:	143600
Buy orders
[['600521' '12.15' '17200' '1']]
=================时间:	144400
Buy orders
[['000608' '5.62' '17000' '1']]
=================时间:	144500
Buy orders
[['600397' '12.65' '15200' '1']]
=================时间:	144700
Sell orders
[['002294' '38.4' '5200' '-1']]
=================时间:	144900
Buy orders
[['002440' '12.62' '8000' '1']]
=================时间:	145000
Buy orders
[['600408' '4.08' '24600' '1']]
=================时间:	145300
Buy orders
[['600816' '12.69' '6700' '1']
 ['600826' '11.05' '9200' '1']]
========================================日期:	20130110
底仓股票数量:	431
订阅股票数量:	483
清除底仓股票数量:	0
建立底仓股票数量:	59/59
=================时间:	093000
Buy orders
[['002573' '18.03' '11000' '1']
 ['600725' '4.9' '47600' '1']
 ['600521' '13.0' '34400' '1']
 ['000829' '5.07' '101200' '1']
 ['000777' '19.75' '10800' '1']
 ['600636' '13.65' '14800' '1']
 ['002449' '7.62' '60000' '1']
 ['000979' '9.23' '5400' '1']]
=================时间:	093100
Buy orders
[['000533' '4.05' '24500' '1']]
Sell orders
[['600436' '102.93' '900' '-1']]
=================时间:	093600
Buy orders
[['600596' '8.13' '52800' '1']
 ['000975' '10.7' '19600' '1']]
=================时间:	093900
Buy orders
[['600162' '5.09' '40400' '1']
 ['600226' '5.94' '16500' '1']]
=================时间:	094000
Buy orders
[['600537' '9.86' '24200' '1']
 ['000939' '7.1' '29400' '1']
 ['600503' '4.58' '19300' '1']]
=================时间:	094100
Buy orders
[['600328' '6.92' '29800' '1']
 ['600787' '7.53' '25600' '1']
 ['600880' '10.41' '10300' '1']
 ['002225' '7.35' '27200' '1']]
=================时间:	094200
Buy orders
[['002277' '10.46' '21800' '1']]
=================时间:	094300
Buy orders
[['002662' '8.84' '23400' '1']]
=================时间:	094400
Buy orders
[['002428' '23.4' '4100' '1']
 ['600223' '5.75' '14800' '1']]
=================时间:	094500
Buy orders
[['600240' '4.73' '20200' '1']]
=================时间:	094600
Buy orders
[['002152' '14.03' '14000' '1']]
=================时间:	094900
Buy orders
[['000860' '14.89' '29200' '1']]
=================时间:	095000
Buy orders
[['000099' '7.95' '25600' '1']]
=================时间:	095300
Buy orders
[['600517' '14.11' '6300' '1']]
=================时间:	095500
Buy orders
[['601208' '6.98' '31000' '1']]
=================时间:	095700
Buy orders
[['002285' '13.33' '3600' '1']
 ['600773' '11.56' '4100' '1']]
=================时间:	095800
Buy orders
[['600067' '6.9' '29800' '1']]
=================时间:	095900
Buy orders
[['600220' '2.98' '140000' '1']]
=================时间:	100400
Buy orders
[['002477' '20.46' '10400' '1']]
=================时间:	100500
Buy orders
[['002242' '7.12' '28400' '1']]
=================时间:	100700
Buy orders
[['002005' '7.27' '27800' '1']]
=================时间:	100900
Buy orders
[['600523' '10.13' '20600' '1']
 ['002470' '14.72' '54400' '1']]
=================时间:	101100
Buy orders
[['000726' '6.82' '30000' '1']
 ['601010' '14.73' '14000' '1']]
=================时间:	101200
Buy orders
[['600388' '23.05' '8800' '1']]
=================时间:	101300
Buy orders
[['600056' '20.57' '9800' '1']]
=================时间:	101500
Buy orders
[['000088' '4.03' '11700' '1']]
=================时间:	101600
Buy orders
[['000667' '2.23' '44000' '1']
 ['600416' '5.43' '38600' '1']]
=================时间:	101700
Buy orders
[['600198' '8.65' '24200' '1']]
=================时间:	102200
Buy orders
[['600743' '4.01' '12200' '1']]
=================时间:	102400
Buy orders
[['600748' '9.56' '11500' '1']]
=================时间:	102500
Sell orders
[['600858' '9.98' '21000' '-1']]
=================时间:	102600
Buy orders
[['600290' '5.39' '38800' '1']]
=================时间:	102700
Buy orders
[['600657' '4.35' '11200' '1']
 ['000926' '9.48' '10400' '1']
 ['600815' '6.9' '7100' '1']]
=================时间:	102800
Buy orders
[['000608' '5.7' '34000' '1']
 ['600675' '5.42' '37200' '1']]
=================时间:	103400
Sell orders
[['000951' '12.67' '15400' '-1']]
=================时间:	103700
Sell orders
[['600151' '5.55' '36800' '-1']]
=================时间:	103900
Sell orders
[['600223' '5.73' '14800' '-1']]
=================时间:	105000
Sell orders
[['000732' '8.31' '24600' '-1']]
=================时间:	105400
Sell orders
[['000786' '17.72' '11400' '-1']]
=================时间:	105500
Sell orders
[['601388' '12.06' '8200' '-1']
 ['600496' '7.85' '12400' '-1']]
=================时间:	105600
Sell orders
[['600322' '3.78' '25500' '-1']
 ['600824' '4.46' '44600' '-1']
 ['000655' '13.3' '15400' '-1']
 ['601880' '2.79' '35000' '-1']]
=================时间:	105700
Sell orders
[['600086' '22.8' '9200' '-1']]
=================时间:	110900
Sell orders
[['002050' '9.29' '21800' '-1']]
=================时间:	111100
Buy orders
[['600410' '6.63' '31200' '1']]
=================时间:	111300
Buy orders
[['600581' '6.06' '32600' '1']]
=================时间:	111700
Buy orders
[['601801' '10.82' '9500' '1']]
=================时间:	112300
Buy orders
[['600428' '4.19' '49000' '1']]
=================时间:	112700
Buy orders
[['002315' '32.5' '6600' '1']]
=================时间:	130000
Buy orders
[['002097' '7.14' '28600' '1']]
=================时间:	130700
Sell orders
[['000006' '5.02' '39800' '-1']]
=================时间:	130800
Buy orders
[['002638' '10.69' '8500' '1']
 ['600460' '3.9' '52800' '1']]
=================时间:	131300
Buy orders
[['600557' '21.82' '9600' '1']]
=================时间:	131900
Buy orders
[['600176' '10.05' '19600' '1']]
=================时间:	132100
Buy orders
[['000911' '8.49' '12100' '1']
 ['600639' '9.1' '11000' '1']]
Sell orders
[['002408' '16.44' '11600' '-1']]
=================时间:	132400
Buy orders
[['002475' '30.93' '3000' '1']]
=================时间:	132600
Buy orders
[['002006' '10.0' '45600' '1']]
=================时间:	133100
Buy orders
[['600531' '17.05' '5700' '1']
 ['600017' '2.89' '68800' '1']]
=================时间:	133200
Sell orders
[['600633' '13.29' '29200' '-1']]
=================时间:	133300
Buy orders
[['002249' '7.21' '12200' '1']]
=================时间:	133600
Buy orders
[['002429' '13.5' '15200' '1']
 ['002028' '14.89' '6000' '1']]
=================时间:	134300
Buy orders
[['002325' '15.8' '6400' '1']]
=================时间:	134500
Sell orders
[['000932' '2.3' '42300' '-1']]
=================时间:	134600
Sell orders
[['600983' '7.35' '26000' '-1']]
=================时间:	134700
Sell orders
[['002672' '61.46' '1600' '-1']]
=================时间:	134900
Sell orders
[['600618' '8.25' '24400' '-1']]
=================时间:	135000
Buy orders
[['000897' '2.96' '68600' '1']]
=================时间:	135300
Sell orders
[['000861' '14.15' '13800' '-1']
 ['000850' '4.94' '39000' '-1']]
=================时间:	135400
Sell orders
[['000090' '7.52' '6300' '-1']
 ['000918' '3.91' '12200' '-1']]
=================时间:	135500
Sell orders
[['600158' '5.7' '14900' '-1']
 ['000997' '8.28' '24400' '-1']
 ['600816' '12.75' '13400' '-1']
 ['000682' '3.1' '64600' '-1']
 ['600117' '5.11' '19400' '-1']]
=================时间:	135600
Sell orders
[['600710' '4.28' '47000' '-1']
 ['002534' '14.08' '14400' '-1']]
=================时间:	135800
Buy orders
[['002168' '7.4' '25400' '1']]
=================时间:	140000
Sell orders
[['600533' '4.54' '21400' '-1']]
=================时间:	140200
Sell orders
[['000543' '7.26' '25600' '-1']]
=================时间:	140400
Sell orders
[['600425' '10.02' '10000' '-1']]
=================时间:	140500
Sell orders
[['000616' '4.07' '42400' '-1']]
=================时间:	141700
Buy orders
[['002238' '11.65' '36800' '1']]
=================时间:	141800
Buy orders
[['600622' '7.57' '28400' '1']
 ['600330' '5.48' '37400' '1']]
=================时间:	141900
Buy orders
[['600683' '5.02' '39800' '1']]
=================时间:	142400
Sell orders
[['000936' '4.04' '11700' '-1']]
=================时间:	142500
Buy orders
[['000823' '10.0' '20600' '1']]
=================时间:	142600
Buy orders
[['600069' '5.37' '18100' '1']]
=================时间:	143000
Sell orders
[['600298' '17.23' '12000' '-1']
 ['600139' '9.6' '10200' '-1']]
=================时间:	143100
Sell orders
[['000066' '3.39' '59600' '-1']
 ['600584' '4.29' '93200' '-1']
 ['600231' '4.68' '10100' '-1']]
=================时间:	143200
Sell orders
[['600478' '22.55' '17600' '-1']]
=================时间:	144000
Buy orders
[['600825' '5.07' '40600' '1']]
=================时间:	144500
Buy orders
[['600589' '5.7' '72000' '1']
 ['600831' '6.88' '30200' '1']]
=================时间:	144600
Buy orders
[['601616' '4.0' '25200' '1']]
=================时间:	145000
Buy orders
[['000919' '7.18' '28600' '1']]
=================时间:	145100
Buy orders
[['000732' '8.28' '24600' '1']
 ['600501' '8.33' '24800' '1']]
=================时间:	145400
Buy orders
[['600851' '5.64' '8700' '1']]
========================================日期:	20130111
底仓股票数量:	448
订阅股票数量:	481
清除底仓股票数量:	0
建立底仓股票数量:	41/42
=================时间:	093000
Buy orders
[['601677' '11.73' '2400' '1']
 ['600580' '5.24' '5900' '1']
 ['600138' '16.35' '10800' '1']
 ['002219' '14.51' '14000' '1']
 ['600054' '12.97' '15800' '1']]
Sell orders
[['002480' '11.78' '7900' '-1']
 ['002612' '26.18' '3500' '-1']]
